<?xml version="1.0" encoding="UTF-8"?>
<testsuite xmlns:xsi="http://www.w3.org/2001/XMLSchema-instance" xsi:noNamespaceSchemaLocation="https://maven.apache.org/surefire/maven-surefire-plugin/xsd/surefire-test-report.xsd" name="com.assert_various.AssertBeforeTest" time="21.238" tests="2" errors="0" skipped="0" failures="0">
  <properties>
[...]
</properties>
  <testcase name="searchCssLocator" classname="com.assert_various.AssertBeforeTest" time="3.706"/>
  <testcase name="searchSelenium" classname="com.assert_various.AssertBeforeTest" time="2.774"/>
</testsuite>