<?xml version="1.0" encoding="UTF-8"?>
<testng-results ignored="0" total="2" passed="2" failed="0" skipped="0">
  <reporter-output>
  </reporter-output>
  <suite started-at="2021-09-17T07:35:01 MSK" name="Surefire suite" finished-at="2021-09-17T07:35:33 MSK" duration-ms="31972">
    <groups>
    </groups>
    <test started-at="2021-09-17T07:35:01 MSK" name="Surefire test" finished-at="2021-09-17T07:35:33 MSK" duration-ms="31972">
      <class name="com.assert_various.AssertBeforeTest">
        <test-method is-config="true" signature="setUp()[pri:0, instance:com.assert_various.AssertBeforeTest@18a645fd]" started-at="2021-09-17T07:35:01 MSK" name="setUp" finished-at="2021-09-17T07:35:13 MSK" duration-ms="12236" status="PASS">
          <reporter-output>
          </reporter-output>
        </test-method> <!-- setUp -->
        <test-method signature="searchCssLocator()[pri:0, instance:com.assert_various.AssertBeforeTest@18a645fd]" started-at="2021-09-17T07:35:13 MSK" name="searchCssLocator" finished-at="2021-09-17T07:35:19 MSK" duration-ms="6534" status="PASS">
          <reporter-output>
          </reporter-output>
        </test-method> <!-- searchCssLocator -->
        <test-method is-config="true" signature="goBack()[pri:0, instance:com.assert_various.AssertBeforeTest@18a645fd]" started-at="2021-09-17T07:35:20 MSK" name="goBack" finished-at="2021-09-17T07:35:21 MSK" duration-ms="1308" status="PASS">
          <reporter-output>
          </reporter-output>
        </test-method> <!-- goBack -->
        <test-method signature="searchSelenium()[pri:0, instance:com.assert_various.AssertBeforeTest@18a645fd]" started-at="2021-09-17T07:35:22 MSK" name="searchSelenium" finished-at="2021-09-17T07:35:26 MSK" duration-ms="4969" status="PASS">
          <reporter-output>
          </reporter-output>
        </test-method> <!-- searchSelenium -->
        <test-method is-config="true" signature="goBack()[pri:0, instance:com.assert_various.AssertBeforeTest@18a645fd]" started-at="2021-09-17T07:35:26 MSK" name="goBack" finished-at="2021-09-17T07:35:28 MSK" duration-ms="1872" status="PASS">
          <reporter-output>
          </reporter-output>
        </test-method> <!-- goBack -->
        <test-method is-config="true" signature="closeTests()[pri:0, instance:com.assert_various.AssertBeforeTest@18a645fd]" started-at="2021-09-17T07:35:28 MSK" name="closeTests" finished-at="2021-09-17T07:35:33 MSK" duration-ms="4129" status="PASS">
          <reporter-output>
          </reporter-output>
        </test-method> <!-- closeTests -->
      </class> <!-- com.assert_various.AssertBeforeTest -->
    </test> <!-- Surefire test -->
  </suite> <!-- Surefire suite -->
</testng-results>
