<?xml version="1.0" encoding="UTF-8"?>
<testng-results ignored="0" total="2" passed="2" failed="0" skipped="0">
  <reporter-output>
  </reporter-output>
  <suite started-at="2021-09-16T22:18:46 MSK" name="Surefire suite" finished-at="2021-09-16T22:19:02 MSK" duration-ms="16454">
    <groups>
    </groups>
    <test started-at="2021-09-16T22:18:46 MSK" name="Surefire test" finished-at="2021-09-16T22:19:02 MSK" duration-ms="16454">
      <class name="com.assert_various.AssertBeforeTest">
        <test-method is-config="true" signature="setUp()[pri:0, instance:com.assert_various.AssertBeforeTest@867ba60]" started-at="2021-09-16T22:18:46 MSK" name="setUp" finished-at="2021-09-16T22:18:52 MSK" duration-ms="6426" status="PASS">
          <reporter-output>
          </reporter-output>
        </test-method> <!-- setUp -->
        <test-method signature="searchCssLocator()[pri:0, instance:com.assert_various.AssertBeforeTest@867ba60]" started-at="2021-09-16T22:18:53 MSK" name="searchCssLocator" finished-at="2021-09-16T22:18:56 MSK" duration-ms="3695" status="PASS">
          <reporter-output>
          </reporter-output>
        </test-method> <!-- searchCssLocator -->
        <test-method is-config="true" signature="goBack()[pri:0, instance:com.assert_various.AssertBeforeTest@867ba60]" started-at="2021-09-16T22:18:57 MSK" name="goBack" finished-at="2021-09-16T22:18:58 MSK" duration-ms="984" status="PASS">
          <reporter-output>
          </reporter-output>
        </test-method> <!-- goBack -->
        <test-method signature="searchSelenium()[pri:0, instance:com.assert_various.AssertBeforeTest@867ba60]" started-at="2021-09-16T22:18:58 MSK" name="searchSelenium" finished-at="2021-09-16T22:19:01 MSK" duration-ms="2777" status="PASS">
          <reporter-output>
          </reporter-output>
        </test-method> <!-- searchSelenium -->
        <test-method is-config="true" signature="goBack()[pri:0, instance:com.assert_various.AssertBeforeTest@867ba60]" started-at="2021-09-16T22:19:01 MSK" name="goBack" finished-at="2021-09-16T22:19:01 MSK" duration-ms="355" status="PASS">
          <reporter-output>
          </reporter-output>
        </test-method> <!-- goBack -->
        <test-method is-config="true" signature="closeTests()[pri:0, instance:com.assert_various.AssertBeforeTest@867ba60]" started-at="2021-09-16T22:19:01 MSK" name="closeTests" finished-at="2021-09-16T22:19:02 MSK" duration-ms="1386" status="PASS">
          <reporter-output>
          </reporter-output>
        </test-method> <!-- closeTests -->
      </class> <!-- com.assert_various.AssertBeforeTest -->
    </test> <!-- Surefire test -->
  </suite> <!-- Surefire suite -->
</testng-results>
